<?xml version="1.0" encoding="UTF-8"?>
<!-- Generated by org.testng.reporters.JUnitReportReporter -->
<testsuite hostname="INDELNB1456" failures="0" tests="1" name="vikaschaurasiaacademy.SeleniumFrameworkDesign.Ecommerce" time="14.400" errors="0" timestamp="2024-03-02T19:06:08 IST" skipped="0">
  <testcase classname="vikaschaurasiaacademy.SeleniumFrameworkDesign.Ecommerce" name="Ecommerce" time="14.400"/>
  <system-out/>
</testsuite> <!-- vikaschaurasiaacademy.SeleniumFrameworkDesign.Ecommerce -->
