<?xml version="1.0" encoding="UTF-8"?>
<!-- Generated by org.testng.reporters.JUnitReportReporter -->
<testsuite hostname="INDELNB1456" failures="0" tests="1" name="vikaschaurasiatest.SeleniumFrameworkDesign.Ecommerce" time="17.828" errors="0" timestamp="2024-03-10T16:52:01 IST" skipped="0">
  <testcase classname="vikaschaurasiatest.SeleniumFrameworkDesign.Ecommerce" name="Ecommerce" time="17.828"/>
</testsuite> <!-- vikaschaurasiatest.SeleniumFrameworkDesign.Ecommerce -->
